<?xml version="1.0" encoding="UTF-8"?>
<testsuite name="test_get_access_key_tests.TestAccessManager-20210419020928" tests="1" file="test_get_access_key_tests.py" time="0.012" timestamp="2021-04-19T02:09:29" failures="0" errors="0" skipped="0">
	<testcase classname="test_get_access_key_tests.TestAccessManager" name="test_parametrized_cases_tests" time="0.012" timestamp="2021-04-19T02:09:29"/>
</testsuite>
