<?xml version="1.0" encoding="UTF-8"?>
<testsuite name="test_revoke_key_tests.MyTestCase-20210521222633" tests="1" file="test_revoke_key_tests.py" time="0.149" timestamp="2021-05-21T22:26:34" failures="0" errors="0" skipped="0">
	<testcase classname="test_revoke_key_tests.MyTestCase" name="test_parametrized_cases_tests" time="0.149" timestamp="2021-05-21T22:26:34"/>
</testsuite>
